Unable to capture context for thread 9632 in process 22240, can not generate back trace
Unable to capture context for thread 15224 in process 22240, can not generate back trace
Exception at PC 0x00007FFEA699A839
Unable to capture context for thread 10840 in process 22240, can not generate back trace
Unable to capture context for thread 21596 in process 22240, can not generate back trace
Exception at PC 0x00007FFE211BBB93
Printing stacktrace...

Unable to capture context for thread 21596 in process 22240, can not generate back trace
Exception at PC 0x00007FFEA699A839
Exception at PC 0x00007FFEA699A839
Exception at PC 0x00007FFEA699A839
Exception at PC 0x00007FFEA699A839
Exception at PC 0x00007FFEA699A839
Exception at PC 0x00007FFEA699A839
Exception at PC 0x00007FFEA699A839
Exception at PC 0x00007FFEA699A839
Exception at PC 0x00007FFEA699A839
Exception at PC 0x00007FFEA699A839
Exception at PC 0x00007FFEA699A839
Exception at PC 0x00007FFEA699A839
Exception at PC 0x00007FFEA699A839
[0]  [0x00007FFE211BBB93]
[1]  [0x00007FFE211BBB93]
[2]  [0x00007FFE211BB4A1]
[3]  [0x00007FFE211BB3EF]
[4]  [0x00007FFE211A19FE]
[5]  [0x00007FFE211A0ED1]
[6]  [0x00007FFE211A0D76]
[7]  [0x00007FFE211479F6]
[8]  [0x00007FFE21137AFB]
[9]  [0x00007FFE2125E90A]
[10]  [0x00007FFE21279F87]
[11]  [0x00007FFE2127A05F]
[12] (BaseThreadInitThunk+0x14) [0x00007FFEA6C27BD4]
[13] (RtlUserThreadStart+0x21) [0x00007FFEA8BCCED1]
Done
Exception at PC 0x00007FFEA699A839
Exception at PC 0x00007FFEA699A839
Exception at PC 0x00007FFEA699A839
Exception at PC 0x00007FFEA699A839
Exception at PC 0x00007FFEA699A839
Exception at PC 0x00007FFEA699A839
